1562576852732	geckodriver	INFO	geckodriver 0.21.0
1562576852751	geckodriver	INFO	Listening on 127.0.0.1:50459
1562576853745	mozrunner::runner	INFO	Running command: "/Applications/Firefox.app/Contents/MacOS/firefox-bin" "-marionette" "-foreground" "-no-remote" "-profile" "/var/folders/yd/tqt1vmx94t7bkw_tn37467fw0000gn/T/rust_mozprofile.1XRpmZz8m0DA"
1562576855348	addons.webextension.screenshots@mozilla.org	WARN	Loading extension 'screenshots@mozilla.org': Reading manifest: Invalid extension permission: mozillaAddons
1562576855349	addons.webextension.screenshots@mozilla.org	WARN	Loading extension 'screenshots@mozilla.org': Reading manifest: Invalid extension permission: resource://pdf.js/
1562576855349	addons.webextension.screenshots@mozilla.org	WARN	Loading extension 'screenshots@mozilla.org': Reading manifest: Invalid extension permission: about:reader*
1562576855650	Marionette	TRACE	Received observer notification profile-after-change
1562576856043	Marionette	TRACE	Received observer notification command-line-startup
1562576856043	Marionette	TRACE	Received observer notification nsPref:changed
1562576856043	Marionette	DEBUG	Init aborted (running=false, enabled=true, finalUIStartup=false)
1562576856312	Marionette	TRACE	Received observer notification toplevel-window-ready
1562576859680	Marionette	TRACE	Received observer notification marionette-startup-requested
1562576859681	Marionette	TRACE	Waiting until startup recorder finished recording startup scripts...
1562576859707	Marionette	TRACE	All scripts recorded.
1562576859707	Marionette	DEBUG	Setting recommended pref app.update.disabledForTesting to true
1562576859707	Marionette	DEBUG	Setting recommended pref apz.content_response_timeout to 60000
1562576859708	Marionette	DEBUG	Setting recommended pref browser.contentblocking.introCount to 99
1562576859708	Marionette	DEBUG	Setting recommended pref browser.download.panel.shown to true
1562576859708	Marionette	DEBUG	Setting recommended pref browser.newtabpage.enabled to false
1562576859709	Marionette	DEBUG	Setting recommended pref browser.pagethumbnails.capturing_disabled to true
1562576859710	Marionette	DEBUG	Setting recommended pref browser.search.update to false
1562576859710	Marionette	DEBUG	Setting recommended pref browser.tabs.disableBackgroundZombification to false
1562576859711	Marionette	DEBUG	Setting recommended pref browser.tabs.warnOnCloseOtherTabs to false
1562576859711	Marionette	DEBUG	Setting recommended pref browser.tabs.warnOnOpen to false
1562576859712	Marionette	DEBUG	Setting recommended pref browser.usedOnWindows10.introURL to 
1562576859712	Marionette	DEBUG	Setting recommended pref browser.urlbar.suggest.searches to false
1562576859714	Marionette	DEBUG	Setting recommended pref datareporting.policy.dataSubmissionPolicyAccepted to false
1562576859714	Marionette	DEBUG	Setting recommended pref dom.disable_beforeunload to true
1562576859714	Marionette	DEBUG	Setting recommended pref dom.disable_open_during_load to false
1562576859714	Marionette	DEBUG	Setting recommended pref dom.file.createInChild to true
1562576859715	Marionette	DEBUG	Setting recommended pref dom.max_chrome_script_run_time to 0
1562576859715	Marionette	DEBUG	Setting recommended pref dom.max_script_run_time to 0
1562576859716	Marionette	DEBUG	Setting recommended pref extensions.getAddons.cache.enabled to false
1562576859717	Marionette	DEBUG	Setting recommended pref extensions.webservice.discoverURL to http://%(server)s/dummy/discoveryURL
1562576859717	Marionette	DEBUG	Setting recommended pref network.http.prompt-temp-redirect to false
1562576859717	Marionette	DEBUG	Setting recommended pref network.http.speculative-parallel-limit to 0
1562576859717	Marionette	DEBUG	Setting recommended pref security.certerrors.mitm.priming.enabled to false
1562576859718	Marionette	DEBUG	Setting recommended pref security.fileuri.strict_origin_policy to false
1562576859718	Marionette	DEBUG	Setting recommended pref security.notification_enable_delay to 0
1562576859718	Marionette	DEBUG	Setting recommended pref signon.autofillForms to false
1562576859718	Marionette	DEBUG	Setting recommended pref signon.rememberSignons to false
1562576859719	Marionette	DEBUG	Setting recommended pref toolkit.cosmeticAnimations.enabled to false
1562576859822	Marionette	INFO	Listening on port 50474
1562576859822	Marionette	DEBUG	Remote service is active
1562576859883	Marionette	DEBUG	Accepted connection 0 from 127.0.0.1:50566
1562576859891	Marionette	DEBUG	0 -> [0,1,"WebDriver:NewSession",{"acceptInsecureCerts":true,"browserName":"firefox","capabilities":{"desiredCapabilities":{"acceptInsecureCerts":true,"browserName":"firefox"}}}]
1562576859892	Marionette	WARN	TLS certificate errors will be ignored for this session
1562576859931	Marionette	TRACE	[4294967297] Frame script loaded
1562576859938	Marionette	TRACE	[4294967297] Frame script registered
1562576859964	Marionette	DEBUG	0 <- [1,1,null,{"sessionId":"fd124404-e798-734e-94fd-514b98e5b8ad","capabilities":{"browserName":"firefox","browserVersion":"67.0" ... alse,"moz:webdriverClick":true,"capabilities":{"desiredCapabilities":{"acceptInsecureCerts":true,"browserName":"firefox"}}}}]
1562576859992	Marionette	DEBUG	0 -> [0,2,"WebDriver:SetTimeouts",{"implicit":10000}]
1562576859993	Marionette	DEBUG	0 <- [1,2,null,{"value":null}]
1562576860031	Marionette	DEBUG	0 -> [0,3,"Marionette:Quit",{"flags":["eForceQuit"]}]
1562576860031	Marionette	INFO	Stopped listening on port 50474
1562576860182	Marionette	TRACE	Received observer notification quit-application
1562576860214	Marionette	DEBUG	0 <- [1,3,null,{"cause":"shutdown"}]
1562576860330	Marionette	DEBUG	0 -> [0,4,"Marionette:Quit",{"flags":["eForceQuit"]}]
1562576860331	Marionette	DEBUG	0 <- [1,4,{"error":"invalid session id","message":"Tried to run command without establishing a connection","stacktrace":"WebDriver ... t@chrome://marionette/content/server.js:236:9\n_onJSONObjectReady/<@chrome://marionette/content/transport.js:492:20\n"},null]
1562576860352	Marionette	DEBUG	Closed connection 0
1562576860539	Marionette	TRACE	Received observer notification xpcom-will-shutdown
1562576860539	Marionette	DEBUG	Resetting recommended pref app.update.disabledForTesting
1562576860539	Marionette	DEBUG	Resetting recommended pref apz.content_response_timeout
1562576860540	Marionette	DEBUG	Resetting recommended pref browser.contentblocking.introCount
1562576860540	Marionette	DEBUG	Resetting recommended pref browser.download.panel.shown
1562576860540	Marionette	DEBUG	Resetting recommended pref browser.newtabpage.enabled
1562576860540	Marionette	DEBUG	Resetting recommended pref browser.pagethumbnails.capturing_disabled
1562576860540	Marionette	DEBUG	Resetting recommended pref browser.search.update
1562576860540	Marionette	DEBUG	Resetting recommended pref browser.tabs.disableBackgroundZombification
1562576860540	Marionette	DEBUG	Resetting recommended pref browser.tabs.warnOnCloseOtherTabs
1562576860541	Marionette	DEBUG	Resetting recommended pref browser.tabs.warnOnOpen
1562576860541	Marionette	DEBUG	Resetting recommended pref browser.usedOnWindows10.introURL
1562576860541	Marionette	DEBUG	Resetting recommended pref browser.urlbar.suggest.searches
1562576860541	Marionette	DEBUG	Resetting recommended pref datareporting.policy.dataSubmissionPolicyAccepted
1562576860541	Marionette	DEBUG	Resetting recommended pref dom.disable_beforeunload
1562576860542	Marionette	DEBUG	Resetting recommended pref dom.disable_open_during_load
1562576860542	Marionette	DEBUG	Resetting recommended pref dom.file.createInChild
1562576860542	Marionette	DEBUG	Resetting recommended pref dom.max_chrome_script_run_time
1562576860542	Marionette	DEBUG	Resetting recommended pref dom.max_script_run_time
1562576860542	Marionette	DEBUG	Resetting recommended pref extensions.getAddons.cache.enabled
1562576860542	Marionette	DEBUG	Resetting recommended pref extensions.webservice.discoverURL
1562576860542	Marionette	DEBUG	Resetting recommended pref network.http.prompt-temp-redirect
1562576860542	Marionette	DEBUG	Resetting recommended pref network.http.speculative-parallel-limit
1562576860542	Marionette	DEBUG	Resetting recommended pref security.certerrors.mitm.priming.enabled
1562576860542	Marionette	DEBUG	Resetting recommended pref security.fileuri.strict_origin_policy
1562576860542	Marionette	DEBUG	Resetting recommended pref security.notification_enable_delay
1562576860543	Marionette	DEBUG	Resetting recommended pref signon.autofillForms
1562576860543	Marionette	DEBUG	Resetting recommended pref signon.rememberSignons
1562576860543	Marionette	DEBUG	Resetting recommended pref toolkit.cosmeticAnimations.enabled
1562576860543	Marionette	DEBUG	Remote service is inactive
