2019-08-16 06:07:07,702 INFO o.a.j.u.JMeterUtils: Setting Locale to zh_CN_#Hans
2019-08-16 06:07:07,834 INFO o.a.j.u.JMeterUtils: Could not find resources for 'zh_CN_#Hans', using 'zh_CN'
2019-08-16 06:07:07,840 INFO o.a.j.JMeter: Loading user properties from: /Users/zhuzhanhao/apache-jmeter-5.1/bin/user.properties
2019-08-16 06:07:07,849 INFO o.a.j.JMeter: Loading system properties from: /Users/zhuzhanhao/apache-jmeter-5.1/bin/system.properties
2019-08-16 06:07:07,880 INFO o.a.j.JMeter: Copyright (c) 1998-2019 The Apache Software Foundation
2019-08-16 06:07:07,880 INFO o.a.j.JMeter: Version 5.1 r1853635
2019-08-16 06:07:07,880 INFO o.a.j.JMeter: java.version=11.0.2
2019-08-16 06:07:07,881 INFO o.a.j.JMeter: java.vm.name=Java HotSpot(TM) 64-Bit Server VM
2019-08-16 06:07:07,881 INFO o.a.j.JMeter: os.name=Mac OS X
2019-08-16 06:07:07,883 INFO o.a.j.JMeter: os.arch=x86_64
2019-08-16 06:07:07,884 INFO o.a.j.JMeter: os.version=10.14.5
2019-08-16 06:07:07,890 INFO o.a.j.JMeter: file.encoding=UTF-8
2019-08-16 06:07:07,890 INFO o.a.j.JMeter: java.awt.headless=null
2019-08-16 06:07:07,892 INFO o.a.j.JMeter: Max memory     =2147483648
2019-08-16 06:07:07,893 INFO o.a.j.JMeter: Available Processors =4
2019-08-16 06:07:07,930 INFO o.a.j.JMeter: Default Locale=中文 (简体，中国)
2019-08-16 06:07:07,934 INFO o.a.j.JMeter: JMeter  Locale=中文 (简体，中国)
2019-08-16 06:07:07,935 INFO o.a.j.JMeter: JMeterHome=/Users/zhuzhanhao/apache-jmeter-5.1
2019-08-16 06:07:07,936 INFO o.a.j.JMeter: user.dir  =/Users/zhuzhanhao/Testapi
2019-08-16 06:07:07,936 INFO o.a.j.JMeter: PWD       =/Users/zhuzhanhao/Testapi
2019-08-16 06:07:07,939 INFO o.a.j.JMeter: IP: 192.168.10.203 Name: zhuzhanhaodeMacBook-Air.local FullName: 192.168.10.203
2019-08-16 06:07:10,996 INFO o.a.j.g.a.LookAndFeelCommand: Installing Darcula LAF
2019-08-16 06:07:11,014 INFO o.a.j.g.a.LookAndFeelCommand: Using look and feel: com.bulenkov.darcula.DarculaLaf [Darcula]
2019-08-16 06:07:11,017 INFO o.a.j.JMeter: Setting LAF to: com.bulenkov.darcula.DarculaLaf
2019-08-16 06:07:11,228 INFO o.a.j.JMeter: Loaded icon properties from org/apache/jmeter/images/icon.properties
2019-08-16 06:07:12,585 INFO o.a.j.e.u.CompoundVariable: Note: Function class names must contain the string: '.functions.'
2019-08-16 06:07:12,585 INFO o.a.j.e.u.CompoundVariable: Note: Function class names must not contain the string: '.gui.'
2019-08-16 06:07:18,619 INFO o.a.j.p.h.s.HTTPSamplerBase: Parser for text/html is org.apache.jmeter.protocol.http.parser.LagartoBasedHtmlParser
2019-08-16 06:07:18,620 INFO o.a.j.p.h.s.HTTPSamplerBase: Parser for application/xhtml+xml is org.apache.jmeter.protocol.http.parser.LagartoBasedHtmlParser
2019-08-16 06:07:18,620 INFO o.a.j.p.h.s.HTTPSamplerBase: Parser for application/xml is org.apache.jmeter.protocol.http.parser.LagartoBasedHtmlParser
2019-08-16 06:07:18,621 INFO o.a.j.p.h.s.HTTPSamplerBase: Parser for text/xml is org.apache.jmeter.protocol.http.parser.LagartoBasedHtmlParser
2019-08-16 06:07:18,621 INFO o.a.j.p.h.s.HTTPSamplerBase: Parser for text/vnd.wap.wml is org.apache.jmeter.protocol.http.parser.RegexpHTMLParser
2019-08-16 06:07:18,621 INFO o.a.j.p.h.s.HTTPSamplerBase: Parser for text/css is org.apache.jmeter.protocol.http.parser.CssParser
2019-08-16 06:07:20,174 INFO o.a.j.e.KeyToolUtils: keytool found at 'keytool'
2019-08-16 06:07:20,175 INFO o.a.j.p.h.p.ProxyControl: HTTP(S) Test Script Recorder SSL Proxy will use keys that support embedded 3rd party resources in file /Users/zhuzhanhao/apache-jmeter-5.1/bin/proxyserver.jks
2019-08-16 06:07:20,577 INFO o.a.j.s.FileServer: Default base='/Users/zhuzhanhao/Testapi'
2019-08-16 06:07:22,014 INFO o.a.j.s.SampleResult: Note: Sample TimeStamps are START times
2019-08-16 06:07:22,015 INFO o.a.j.s.SampleResult: sampleresult.default.encoding is set to ISO-8859-1
2019-08-16 06:07:22,016 INFO o.a.j.s.SampleResult: sampleresult.useNanoTime=true
2019-08-16 06:07:22,020 INFO o.a.j.s.SampleResult: sampleresult.nanoThreadSleep=5000
2019-08-16 06:07:22,150 INFO o.a.j.v.ViewResultsFullVisualizer: Add JavaFX to your Java installation if you want to use renderer: org.apache.jmeter.visualizers.RenderInBrowser
